09:33:31.691 22         | net: TSConnectionManager::ChangeState: OFFLINE -> AUTHING
09:33:31.691 22         | net: TSAuthManager::ChangeState: OFFLINE -> AUTHING
09:33:31.699 23         | net: TargemService::WebApiRequest(4): https://crank.crossout.net/live/Auth/login
09:33:34.650 77         | net: TargemService::WebApiRequest(4): finished with e = ErrorCode::OK (status 200)
09:33:34.651 77         | net: TargemService::SetAvailableProtoEndpoints: soServices: ["wss://crank.crossout.net/live/AuthProtoServer"], chats: ["wss://crank.crossout.net/live/ChatServiceProtoServer"]
09:33:34.651 77         | net: TSAuthManager::ChangeState: AUTHING -> ONLINE
09:33:34.651 77         | net: TSConnectionManager::ChangeState: AUTHING -> CONNECTING
09:33:34.651 77         | net: chat: Connect() requested
09:33:34.651 77         | net: TSConnectionManager::StateCONNECTING: (re)connecting to 'wss://crank.crossout.net/live/AuthProtoServer' (of 1 options)
09:33:34.651 77         | net: ProtoServer::Connect: url = 'wss://crank.crossout.net/live/AuthProtoServer'
09:33:34.652 77         | net: chat: channel opened, waiting for connection (select addr 'wss://crank.crossout.net/live/ChatServiceProtoServer' from total 1 addrs)
09:33:34.652 77         | net: ProtoServer::Connect: url = 'wss://crank.crossout.net/live/ChatServiceProtoServer'
09:33:34.758 90         | net: ProtoServer::OnPeerConnected: |172.67.7.123:443-wss://crank.crossout.net/live/ChatServiceProtoServer@00000200316084B0(out,ws,TLS,st=1)
09:33:34.766 91         | net: ProtoServer::OnPeerConnected: |172.67.7.123:443-wss://crank.crossout.net/live/AuthProtoServer@0000020031608010(out,ws,TLS,st=1)
09:33:35.291 54         | net: ProtoServer::RenameLink: 172.67.7.123:443-wss://crank.crossout.net/live/ChatServiceProtoServer -> cabin-lw-nl-22/chat_2
09:33:35.291 54         | net: ProtoServer::ProcessHandshakeHelloAck: accepting new PeerId 172.28.7.16:42186-ws-18616
09:33:35.291 54         | net: ProtoServer: link live|cabin-lw-nl-22/chat_2@00000200316084B0(out,ws,TLS,st=4) is ready
09:33:35.291 54         | net: chat: OnConnect(): sending authorization data
09:33:35.340 60         | net: ProtoServer::RenameLink: 172.67.7.123:443-wss://crank.crossout.net/live/AuthProtoServer -> cabin-lw-nl-21/auth_4
09:33:35.340 60         | net: ProtoServer::ProcessHandshakeHelloAck: accepting new PeerId 172.28.7.17:45232-ws-8764
09:33:35.340 60         | net: ProtoServer: link live|cabin-lw-nl-21/auth_4@0000020031608010(out,ws,TLS,st=4) is ready
09:33:35.340 60         | net: TargemService: OnPeerConnected 'live|cabin-lw-nl-21/auth_4@0000020031608010(out,ws,TLS,st=4)'
09:33:35.340 60         | net: TSConnectionManager::ChangeState: CONNECTING -> NEGOTIATING
09:33:35.783 13         | net: chat: server authorization: ok
09:33:36.125 52         | net: CL_SOContainer::ReplicaHandler: got replica of live:so:EmoUser:9097886@cabin-lw-nl-21/auth_4 (~52Kb)
09:33:36.224 64         | net: CL_SOContainer::ReplicaHandler: got PARTIAL(1) replica of live:so:EmoUser:9097886@cabin-lw-nl-21/auth_4 (~26b)
09:33:36.499 97         | net: CL_SOContainer::ReplicaHandler: got replica of live:so:UserOffers:9097886@cabin-lw-nl-21/auth_4 (~121b)
09:33:36.499 97         | net: CL_SOContainer::ReplicaHandler: got replica of live:so:Mailbox:9097886@cabin-lw-nl-21/auth_4 (~318b)
09:33:36.499 97         | net: CL_SOContainer::ReplicaHandler: got replica of live:so:SubscriptionList:9097886@cabin-lw-nl-21/auth_4 (~187b)
09:33:36.540 02         | net: CL_SOContainer::ReplicaHandler: got replica of live:so:FriendList:9097886@cabin-lw-nl-21/auth_4 (~1.74Kb)
09:33:36.616 11         | net: CL_SOContainer::ReplicaHandler: got replica of live:so:Achievements:9097886@cabin-lw-nl-21/auth_4 (~4.0Kb)
09:33:36.658 16         | net: CL_SOContainer::ReplicaHandler: got PARTIAL(1) replica of live:so:EmoUser:9097886@cabin-lw-nl-21/auth_4 (~527b)
09:33:36.691 20         | net: CL_SOContainer::ReplicaHandler: got replica of live:so:RichPresence:9097886@cabin-lw-nl-21/auth_4 (~468b)
09:33:36.723 24         | net: CL_SOContainer::ReplicaHandler: got PARTIAL(1) replica of live:so:Achievements:9097886@cabin-lw-nl-21/auth_4 (~26b)
09:33:36.775 30         | net: CL_SOContainer::ReplicaHandler: got replica of live:so:UserProfile:9097886@cabin-lw-nl-21/auth_4 (~45Kb)
09:33:36.782 31         | net: TSConnectionManager::ChangeState: NEGOTIATING -> ONLINE
09:33:37.103 41         | net: CL_SOContainer::ReplicaHandler: got PARTIAL(1) replica of live:so:EmoUser:9097886@cabin-lw-nl-21/auth_4 (~35b)
09:33:37.318 47         | net: TargemService::WebApiRequest(7): https://crank.crossout.net/live/NewsFeed/GetRecommendations?token=ntKKAAAAAABtuNC7-3ACCek5jlaSAQAAx78iVQRub25lBGxpdmU
09:33:37.318 47         | net: CL_SOContainer::ReplicaHandler: got replica of live:so:RichPresence:2547364@cabin-lw-nl-21/auth_4 (~505b)
09:33:37.318 47         | net: CL_SOContainer::ReplicaHandler: got replica of live:so:RichPresence:4793895@cabin-lw-nl-21/auth_4 (~486b)
09:33:37.318 47         | net: CL_SOContainer::ReplicaHandler: got replica of live:so:RichPresence:9829053@cabin-lw-nl-21/auth_4 (~474b)
09:33:37.318 47         | net: CL_SOContainer::ReplicaHandler: got replica of live:so:RichPresence:8481388@cabin-lw-nl-21/auth_4 (~504b)
09:33:37.318 47         | net: CL_SOContainer::ReplicaHandler: got replica of live:so:RichPresence:2666627@cabin-lw-nl-21/auth_4 (~481b)
09:33:37.318 47         | net: CL_SOContainer::ReplicaHandler: got replica of live:so:RichPresence:10299330@cabin-lw-nl-21/auth_4 (~473b)
09:33:37.605 55         | net: CL_SOContainer::ReplicaHandler: got replica of live:so:Clan:17361@cabin-lw-nl-21/auth_4 (~27Kb)
09:33:37.714 58         | net: CL_SOContainer::ReplicaHandler: got replica of live:so:RichPresence:9517546@cabin-lw-nl-21/auth_4 (~488b)
09:33:37.714 58         | net: CL_SOContainer::ReplicaHandler: got replica of live:so:RichPresence:8528689@cabin-lw-nl-21/auth_4 (~486b)
09:33:37.714 58         | net: CL_SOContainer::ReplicaHandler: got replica of live:so:RichPresence:10167526@cabin-lw-nl-21/auth_4 (~483b)
09:33:37.750 59         | net: CL_SOContainer::ReplicaHandler: got replica of live:so:RichPresence:10138749@cabin-lw-nl-21/auth_4 (~483b)
09:33:37.750 59         | net: CL_SOContainer::ReplicaHandler: got replica of live:so:RichPresence:5595565@cabin-lw-nl-21/auth_4 (~476b)
09:33:37.750 59         | net: CL_SOContainer::ReplicaHandler: got replica of live:so:RichPresence:10340814@cabin-lw-nl-21/auth_4 (~494b)
09:33:37.750 59         | net: CL_SOContainer::ReplicaHandler: got replica of live:so:RichPresence:9807583@cabin-lw-nl-21/auth_4 (~484b)
09:33:37.750 59         | net: CL_SOContainer::ReplicaHandler: got replica of live:so:RichPresence:10295298@cabin-lw-nl-21/auth_4 (~438b)
09:33:37.750 59         | net: CL_SOContainer::ReplicaHandler: got replica of live:so:RichPresence:10173508@cabin-lw-nl-21/auth_4 (~453b)
09:33:37.750 59         | net: CL_SOContainer::ReplicaHandler: got replica of live:so:RichPresence:8184927@cabin-lw-nl-21/auth_4 (~500b)
09:33:37.750 59         | net: CL_SOContainer::ReplicaHandler: got replica of live:so:RichPresence:8659164@cabin-lw-nl-21/auth_4 (~473b)
09:33:37.750 59         | net: CL_SOContainer::ReplicaHandler: got replica of live:so:RichPresence:6001555@cabin-lw-nl-21/auth_4 (~474b)
09:33:37.750 59         | net: CL_SOContainer::ReplicaHandler: got replica of live:so:RichPresence:10214063@cabin-lw-nl-21/auth_4 (~488b)
09:33:37.750 59         | net: CL_SOContainer::ReplicaHandler: got replica of live:so:RichPresence:10183134@cabin-lw-nl-21/auth_4 (~479b)
09:33:37.750 59         | net: CL_SOContainer::ReplicaHandler: got replica of live:so:RichPresence:7189755@cabin-lw-nl-21/auth_4 (~466b)
09:33:37.750 59         | net: CL_SOContainer::ReplicaHandler: got replica of live:so:RichPresence:10297464@cabin-lw-nl-21/auth_4 (~463b)
09:33:37.750 59         | net: CL_SOContainer::ReplicaHandler: got replica of live:so:RichPresence:7421821@cabin-lw-nl-21/auth_4 (~503b)
09:33:37.750 59         | net: CL_SOContainer::ReplicaHandler: got replica of live:so:RichPresence:3406426@cabin-lw-nl-21/auth_4 (~461b)
09:33:37.750 59         | net: CL_SOContainer::ReplicaHandler: got replica of live:so:RichPresence:10154298@cabin-lw-nl-21/auth_4 (~453b)
09:33:37.750 59         | net: CL_SOContainer::ReplicaHandler: got replica of live:so:RichPresence:9843558@cabin-lw-nl-21/auth_4 (~488b)
09:33:37.787 60         | net: CL_SOContainer::ReplicaHandler: got replica of live:so:RichPresence:10207852@cabin-lw-nl-21/auth_4 (~470b)
09:33:37.823 61         | net: TargemService::WebApiRequest(7): finished with e = ErrorCode::OK (status 200)
09:33:37.823 61         | net: CL_SOContainer::ReplicaHandler: got replica of live:so:RichPresence:8476046@cabin-lw-nl-21/auth_4 (~506b)
09:34:23.374 69         | net: CL_SOContainer::ReplicaHandler: got PARTIAL(7) replica of live:so:EmoUser:9097886@cabin-lw-nl-21/auth_4 (~669b)
09:34:23.741 13         | net: CL_SOContainer::ReplicaHandler: got PARTIAL(3) replica of live:so:SubscriptionList:9097886@cabin-lw-nl-21/auth_4 (~37b)
09:34:24.999 64         | net: CL_SOContainer::ReplicaHandler: got PARTIAL(1) replica of live:so:EmoUser:9097886@cabin-lw-nl-21/auth_4 (~214b)
09:34:40.966 76         | net: CL_SOContainer::ReplicaHandler: got PARTIAL(3) replica of live:so:SubscriptionList:9097886@cabin-lw-nl-21/auth_4 (~37b)
09:34:50.675 28         | net: CL_SOContainer::ReplicaHandler: got replica of live:so:RichPresence:182410@cabin-lw-nl-21/auth_4 (~508b)
09:34:50.783 41         | net: CL_SOContainer::ReplicaHandler: got replica of live:so:RichPresence:173450@cabin-lw-nl-21/auth_4 (~495b)
09:34:50.783 41         | net: CL_SOContainer::ReplicaHandler: got replica of live:so:RichPresence:12012866@cabin-lw-nl-21/auth_4 (~499b)
09:34:50.783 41         | net: CL_SOContainer::ReplicaHandler: got replica of live:so:RichPresence:12075638@cabin-lw-nl-21/auth_4 (~504b)
09:34:50.783 41         | net: CL_SOContainer::ReplicaHandler: got replica of live:so:RichPresence:12190460@cabin-lw-nl-21/auth_4 (~485b)
09:34:50.784 41         | net: CL_SOContainer::ReplicaHandler: got replica of live:so:RichPresence:13847449@cabin-lw-nl-21/auth_4 (~482b)
09:34:50.784 41         | net: CL_SOContainer::ReplicaHandler: got replica of live:so:RichPresence:9878892@cabin-lw-nl-21/auth_4 (~491b)
09:34:50.784 41         | net: CL_SOContainer::ReplicaHandler: got replica of live:so:RichPresence:13800349@cabin-lw-nl-21/auth_4 (~481b)
09:34:53.158 26         | net: CL_SOContainer::ReplicaHandler: got PARTIAL(1) replica of live:so:EmoUser:9097886@cabin-lw-nl-21/auth_4 (~62b)
09:34:54.199 51         | net: CL_SOContainer::ReplicaHandler: got PARTIAL(1) replica of live:so:EmoUser:9097886@cabin-lw-nl-21/auth_4 (~62b)
09:34:55.607 20         | net: CL_SOContainer::ReplicaHandler: got PARTIAL(3) replica of live:so:EmoUser:9097886@cabin-lw-nl-21/auth_4 (~249b)
09:35:15.074 56         | net: CL_SOContainer::ReplicaHandler: got replica of live:so:RichPresence:9247294@cabin-lw-nl-21/auth_4 (~485b)
09:35:15.657 26         | net: CL_SOContainer::ReplicaHandler: got replica of live:so:RichPresence:1150058@cabin-lw-nl-21/auth_4 (~467b)
09:36:01.600 38         | net: CL_SOContainer::ReplicaHandler: got replica of live:so:RichPresence:13385372@cabin-lw-nl-21/auth_4 (~498b)
09:36:01.715 52         | net: CL_SOContainer::ReplicaHandler: got replica of live:so:RichPresence:8991622@cabin-lw-nl-21/auth_4 (~515b)
09:36:01.907 75         | net: CL_SOContainer::ReplicaHandler: got replica of live:so:RichPresence:2896025@cabin-lw-nl-21/auth_4 (~511b)
09:36:01.983 84         | net: CL_SOContainer::ReplicaHandler: got replica of live:so:RichPresence:8655572@cabin-lw-nl-21/auth_4 (~513b)
09:36:02.207 11         | net: CL_SOContainer::ReplicaHandler: got replica of live:so:RichPresence:14129640@cabin-lw-nl-21/auth_4 (~458b)
09:36:14.752 16         | net: CL_SOContainer::ReplicaHandler: got replica of live:so:UserProfile:8991622@cabin-lw-nl-21/auth_4 (~238Kb)
09:37:04.099 37         | net: CL_SOContainer::ReplicaHandler: got replica of live:so:RichPresence:14166346@cabin-lw-nl-21/auth_4 (~467b)
09:37:04.099 37         | net: CL_SOContainer::ReplicaHandler: got replica of live:so:RichPresence:13083960@cabin-lw-nl-21/auth_4 (~506b)
09:37:04.141 42         | net: CL_SOContainer::ReplicaHandler: got replica of live:so:RichPresence:3406394@cabin-lw-nl-21/auth_4 (~485b)
09:37:04.141 42         | net: CL_SOContainer::ReplicaHandler: got replica of live:so:RichPresence:18862@cabin-lw-nl-21/auth_4 (~472b)
09:37:09.883 31         | net: CL_SOContainer::ReplicaHandler: got replica of live:so:RichPresence:2209368@cabin-lw-nl-21/auth_4 (~467b)
09:37:09.883 31         | net: CL_SOContainer::ReplicaHandler: got replica of live:so:RichPresence:5679353@cabin-lw-nl-21/auth_4 (~470b)
09:37:09.883 31         | net: CL_SOContainer::ReplicaHandler: got replica of live:so:RichPresence:12092486@cabin-lw-nl-21/auth_4 (~499b)
09:37:10.299 81         | net: CL_SOContainer::ReplicaHandler: got replica of live:so:RichPresence:4209385@cabin-lw-nl-21/auth_4 (~477b)
09:37:16.859 68         | net: CL_SOContainer::ReplicaHandler: got replica of live:so:UserBlueprints:9097886@cabin-lw-nl-21/auth_4 (~33Kb)
09:37:47.050 90         | net: CL_SOContainer::ReplicaHandler: got PARTIAL(1) replica of live:so:EmoUser:9097886@cabin-lw-nl-21/auth_4 (~2.2Kb)
09:37:47.425 35         | net: CL_SOContainer::ReplicaHandler: got PARTIAL(1) replica of live:so:UserProfile:9097886@cabin-lw-nl-21/auth_4 (~8.1Kb)
09:37:49.385 65         | net: CL_SOContainer::ReplicaHandler: got replica of live:so:UserProfile:2547364@cabin-lw-nl-21/auth_4 (~63Kb)
09:37:49.409 68         | net: CL_SOContainer::ReplicaHandler: got replica of live:so:UserProfile:8659164@cabin-lw-nl-21/auth_4 (~43Kb)
09:38:51.634 35         | net: CL_SOContainer::ReplicaHandler: got PARTIAL(2) replica of live:so:EmoUser:9097886@cabin-lw-nl-21/auth_4 (~83b)
09:39:29.050 25         | net: CL_SOContainer::ReplicaHandler: got PARTIAL(2) replica of live:so:EmoUser:9097886@cabin-lw-nl-21/auth_4 (~86b)
09:46:50.167 71         | net: TargemService: OnPeerDisconnected 'live|cabin-lw-nl-21/auth_4@0000020031608010(out,ws,TLS,st=5)', outbound: yes
09:46:50.167 71         | net: TargemService: link.dcReasonIn: 'ErrorCode::NETWORK', link.dcReasonOut: 'ErrorCode::NETWORK', current m_disconnectionError is 'ErrorCode::OK'
09:46:50.168 71         | net: ProtoServer::Disconnect: live|cabin-lw-nl-21/auth_4@0000020031608010(out,ws,TLS,st=5), ErrorCode::NETWORK
09:46:50.168 71         | net: TSConnectionManager::ChangeState: ONLINE -> CONNECTING
09:46:50.168 71         | net: chat: Disconnect() requested
09:46:50.168 71         | net: chat: OnDisconnect()
09:46:50.168 71         | net: ProtoServer::Disconnect: live|cabin-lw-nl-22/chat_2@00000200316084B0(out,ws,TLS,st=5), ErrorCode::DISCONNECT_CLIENT_QUIT
09:46:50.233 72         | net: ProtoServer::FinishOffDeadLink: 0000020031608010 (live|cabin-lw-nl-21/auth_4@0000020031608010(out,ws,TLS,st=6))
09:46:50.300 73         | net: ProtoServer::FinishOffDeadLink: 00000200316084B0 (live|cabin-lw-nl-22/chat_2@00000200316084B0(out,ws,TLS,st=6))
09:46:55.167 46         | net: TSConnectionManager::StateCONNECTING: (re)connecting to 'wss://crank.crossout.net/live/AuthProtoServer' (of 1 options)
09:46:55.167 46         | net: ProtoServer::Connect: url = 'wss://crank.crossout.net/live/AuthProtoServer'
09:46:55.233 47         | net: chat: Connect() requested
09:46:55.234 47         | net: chat: channel opened, waiting for connection (select addr 'wss://crank.crossout.net/live/ChatServiceProtoServer' from total 1 addrs)
09:46:55.234 47         | net: ProtoServer::Connect: url = 'wss://crank.crossout.net/live/ChatServiceProtoServer'
09:46:55.367 49         | net: ProtoServer::OnPeerConnected: |104.22.50.151:443-wss://crank.crossout.net/live/AuthProtoServer@00000200316084B0(out,ws,TLS,st=1)
09:46:55.433 50         | net: ProtoServer::OnPeerConnected: |104.22.50.151:443-wss://crank.crossout.net/live/ChatServiceProtoServer@0000020031608010(out,ws,TLS,st=1)
09:46:56.034 59         | net: ProtoServer::RenameLink: 104.22.50.151:443-wss://crank.crossout.net/live/ChatServiceProtoServer -> cabin-lw-nl-20/chat_2
09:46:56.034 59         | net: ProtoServer::ProcessHandshakeHelloAck: accepting new PeerId 172.28.7.14:40424-ws-18747
09:46:56.034 59         | net: ProtoServer: link live|cabin-lw-nl-20/chat_2@0000020031608010(out,ws,TLS,st=4) is ready
09:46:56.034 59         | net: chat: OnConnect(): sending authorization data
09:46:56.100 60         | net: ProtoServer::RenameLink: 104.22.50.151:443-wss://crank.crossout.net/live/AuthProtoServer -> cabin-lw-nl-20/auth_4
09:46:56.100 60         | net: ProtoServer::ProcessHandshakeHelloAck: accepting new PeerId 172.28.7.12:43160-ws-8697
09:46:56.100 60         | net: ProtoServer: link live|cabin-lw-nl-20/auth_4@00000200316084B0(out,ws,TLS,st=4) is ready
09:46:56.100 60         | net: TargemService: OnPeerConnected 'live|cabin-lw-nl-20/auth_4@00000200316084B0(out,ws,TLS,st=4)'
09:46:56.100 60         | net: TSConnectionManager::ChangeState: CONNECTING -> NEGOTIATING
09:46:56.567 67         | net: chat: server authorization: ok
09:46:57.100 75         | net: CL_SOContainer::ReplicaHandler: got replica of live:so:RichPresence:9097886@cabin-lw-nl-20/auth_4 (~468b)
09:46:57.100 75         | net: CL_SOContainer::ReplicaHandler: got replica of live:so:Achievements:9097886@cabin-lw-nl-20/auth_4 (~4.0Kb)
09:46:57.100 75         | net: CL_SOContainer::ReplicaHandler: got replica of live:so:SubscriptionList:9097886@cabin-lw-nl-20/auth_4 (~187b)
09:46:57.100 75         | net: CL_SOContainer::ReplicaHandler: got replica of live:so:Mailbox:9097886@cabin-lw-nl-20/auth_4 (~318b)
09:46:57.168 76         | net: CL_SOContainer::ReplicaHandler: got replica of live:so:EmoUser:9097886@cabin-lw-nl-20/auth_4 (~54Kb)
09:46:57.234 77         | net: CL_SOContainer::ReplicaHandler: got replica of live:so:FriendList:9097886@cabin-lw-nl-20/auth_4 (~1.74Kb)
09:46:57.236 77         | net: CL_SOContainer::ReplicaHandler: got replica of live:so:UserProfile:9097886@cabin-lw-nl-20/auth_4 (~52Kb)
09:46:57.236 77         | net: CL_SOContainer::ReplicaHandler: got replica of live:so:UserOffers:9097886@cabin-lw-nl-20/auth_4 (~121b)
09:46:57.567 82         | net: CL_SOContainer::ReplicaHandler: got replica of live:so:RichPresence:8481388@cabin-lw-nl-20/auth_4 (~504b)
09:46:57.567 82         | net: CL_SOContainer::ReplicaHandler: got replica of live:so:RichPresence:9829053@cabin-lw-nl-20/auth_4 (~474b)
09:46:57.633 83         | net: TSConnectionManager::ChangeState: NEGOTIATING -> ONLINE
09:46:57.642 83         | net: CL_SOContainer::ReplicaHandler: got PARTIAL(1) replica of live:so:RichPresence:9097886@cabin-lw-nl-20/auth_4 (~27b)
09:46:57.834 86         | net: CL_SOContainer::ReplicaHandler: got replica of live:so:RichPresence:3406426@cabin-lw-nl-20/auth_4 (~461b)
09:46:57.834 86         | net: CL_SOContainer::ReplicaHandler: got replica of live:so:RichPresence:8184927@cabin-lw-nl-20/auth_4 (~500b)
09:46:57.834 86         | net: CL_SOContainer::ReplicaHandler: got replica of live:so:RichPresence:2547364@cabin-lw-nl-20/auth_4 (~505b)
09:46:57.834 86         | net: CL_SOContainer::ReplicaHandler: got replica of live:so:RichPresence:10173508@cabin-lw-nl-20/auth_4 (~453b)
09:46:57.834 86         | net: CL_SOContainer::ReplicaHandler: got replica of live:so:RichPresence:8476046@cabin-lw-nl-20/auth_4 (~506b)
09:46:57.834 86         | net: CL_SOContainer::ReplicaHandler: got replica of live:so:RichPresence:5595565@cabin-lw-nl-20/auth_4 (~476b)
09:46:57.834 86         | net: CL_SOContainer::ReplicaHandler: got replica of live:so:RichPresence:10295298@cabin-lw-nl-20/auth_4 (~438b)
09:46:57.834 86         | net: CL_SOContainer::ReplicaHandler: got replica of live:so:RichPresence:10299330@cabin-lw-nl-20/auth_4 (~473b)
09:46:57.834 86         | net: CL_SOContainer::ReplicaHandler: got replica of live:so:RichPresence:10340814@cabin-lw-nl-20/auth_4 (~494b)
09:46:57.834 86         | net: CL_SOContainer::ReplicaHandler: got replica of live:so:RichPresence:9807583@cabin-lw-nl-20/auth_4 (~484b)
09:46:57.834 86         | net: CL_SOContainer::ReplicaHandler: got replica of live:so:RichPresence:8528689@cabin-lw-nl-20/auth_4 (~486b)
09:46:57.834 86         | net: CL_SOContainer::ReplicaHandler: got replica of live:so:RichPresence:10167526@cabin-lw-nl-20/auth_4 (~483b)
09:46:57.834 86         | net: CL_SOContainer::ReplicaHandler: got replica of live:so:RichPresence:4793895@cabin-lw-nl-20/auth_4 (~486b)
09:46:57.834 86         | net: CL_SOContainer::ReplicaHandler: got replica of live:so:RichPresence:2666627@cabin-lw-nl-20/auth_4 (~481b)
09:46:57.834 86         | net: CL_SOContainer::ReplicaHandler: got replica of live:so:RichPresence:10207852@cabin-lw-nl-20/auth_4 (~470b)
09:46:57.834 86         | net: CL_SOContainer::ReplicaHandler: got replica of live:so:RichPresence:10183134@cabin-lw-nl-20/auth_4 (~479b)
09:46:57.834 86         | net: CL_SOContainer::ReplicaHandler: got replica of live:so:RichPresence:7189755@cabin-lw-nl-20/auth_4 (~466b)
09:46:57.834 86         | net: CL_SOContainer::ReplicaHandler: got replica of live:so:RichPresence:10297464@cabin-lw-nl-20/auth_4 (~463b)
09:46:57.834 86         | net: CL_SOContainer::ReplicaHandler: got replica of live:so:RichPresence:10138749@cabin-lw-nl-20/auth_4 (~483b)
09:46:57.834 86         | net: CL_SOContainer::ReplicaHandler: got replica of live:so:Clan:17361@cabin-lw-nl-20/auth_4 (~27Kb)
09:46:57.900 87         | net: CL_SOContainer::ReplicaHandler: got replica of live:so:RichPresence:7421821@cabin-lw-nl-20/auth_4 (~503b)
09:46:57.900 87         | net: CL_SOContainer::ReplicaHandler: got replica of live:so:RichPresence:9517546@cabin-lw-nl-20/auth_4 (~488b)
09:46:57.900 87         | net: CL_SOContainer::ReplicaHandler: got replica of live:so:RichPresence:10214063@cabin-lw-nl-20/auth_4 (~488b)
09:46:57.900 87         | net: CL_SOContainer::ReplicaHandler: got replica of live:so:RichPresence:8659164@cabin-lw-nl-20/auth_4 (~473b)
09:46:57.900 87         | net: CL_SOContainer::ReplicaHandler: got replica of live:so:RichPresence:6001555@cabin-lw-nl-20/auth_4 (~474b)
09:46:57.900 87         | net: CL_SOContainer::ReplicaHandler: got replica of live:so:RichPresence:10154298@cabin-lw-nl-20/auth_4 (~453b)
09:46:57.900 87         | net: CL_SOContainer::ReplicaHandler: got replica of live:so:RichPresence:9843558@cabin-lw-nl-20/auth_4 (~488b)
09:47:40.397 04         | net: CL_SOContainer::ReplicaHandler: got PARTIAL(3) replica of live:so:SubscriptionList:9097886@cabin-lw-nl-20/auth_4 (~37b)
09:48:34.655 15         | net: TargemService::WebApiRequest(11): https://crank.crossout.net/live/Auth/RefreshToken?token=ntKKAAAAAABtuNC7-3ACCek5jlaSAQAAx78iVQRub25lBGxpdmU
09:48:35.073 65         | net: TargemService::WebApiRequest(11): finished with e = ErrorCode::OK (status 200)
09:48:35.073 65         | net: TargemService::SetAvailableProtoEndpoints: soServices: ["wss://crank.crossout.net/live/AuthProtoServer"], chats: ["wss://crank.crossout.net/live/ChatServiceProtoServer"]
09:54:39.262 08         | net: CL_SOContainer::ReplicaHandler: got PARTIAL(2) replica of live:so:RichPresence:9097886@cabin-lw-nl-20/auth_4 (~47b)
09:54:46.626 91         | net: CL_SOContainer::ReplicaHandler: got replica of live:so:RichPresence:5679353@cabin-lw-nl-20/auth_4 (~470b)
09:54:46.626 91         | net: CL_SOContainer::ReplicaHandler: got replica of live:so:RichPresence:12092486@cabin-lw-nl-20/auth_4 (~499b)
09:54:46.630 92         | net: CL_SOContainer::ReplicaHandler: got replica of live:so:RichPresence:2209368@cabin-lw-nl-20/auth_4 (~467b)
09:54:46.938 29         | net: CL_SOContainer::ReplicaHandler: got replica of live:so:RichPresence:18862@cabin-lw-nl-20/auth_4 (~472b)
09:54:46.963 32         | net: CL_SOContainer::ReplicaHandler: got replica of live:so:RichPresence:4209385@cabin-lw-nl-20/auth_4 (~477b)
09:54:54.721 61         | net: CL_SOContainer::ReplicaHandler: got PARTIAL(1) replica of live:so:RichPresence:9097886@cabin-lw-nl-20/auth_4 (~27b)
09:54:58.021 57         | net: CL_SOContainer::ReplicaHandler: got PARTIAL(3) replica of live:so:SubscriptionList:9097886@cabin-lw-nl-20/auth_4 (~37b)
09:55:09.455 19         | net: CL_SOContainer::ReplicaHandler: got PARTIAL(1) replica of live:so:RichPresence:9097886@cabin-lw-nl-20/auth_4 (~24b)
09:55:10.768 62         | net: CL_SOContainer::ReplicaHandler: got PARTIAL(2) replica of live:so:RichPresence:9097886@cabin-lw-nl-20/auth_4 (~47b)
09:56:01.806 76         | net: CL_SOContainer::ReplicaHandler: got PARTIAL(1) replica of live:so:UserProfile:9097886@cabin-lw-nl-20/auth_4 (~64b)
09:56:02.913 09         | net: CL_SOContainer::ReplicaHandler: got PARTIAL(1) replica of live:so:UserProfile:9097886@cabin-lw-nl-20/auth_4 (~64b)
09:56:07.897 06         | net: CL_SOContainer::ReplicaHandler: got PARTIAL(1) replica of live:so:UserProfile:9097886@cabin-lw-nl-20/auth_4 (~104b)
09:56:39.460 85         | net: CL_SOContainer::ReplicaHandler: got PARTIAL(1) replica of live:so:UserProfile:9097886@cabin-lw-nl-20/auth_4 (~68b)
09:56:43.213 35         | net: CL_SOContainer::ReplicaHandler: got PARTIAL(1) replica of live:so:UserProfile:9097886@cabin-lw-nl-20/auth_4 (~136b)
09:56:54.372 74         | net: CL_SOContainer::ReplicaHandler: got PARTIAL(1) replica of live:so:UserProfile:9097886@cabin-lw-nl-20/auth_4 (~64b)
09:57:17.321 26         | net: CL_SOContainer::ReplicaHandler: got PARTIAL(1) replica of live:so:UserProfile:9097886@cabin-lw-nl-20/auth_4 (~83b)
09:57:17.738 76         | net: CL_SOContainer::ReplicaHandler: got PARTIAL(2) replica of live:so:EmoUser:9097886@cabin-lw-nl-20/auth_4 (~521b)
09:57:21.780 58         | net: CL_SOContainer::ReplicaHandler: got PARTIAL(1) replica of live:so:UserProfile:9097886@cabin-lw-nl-20/auth_4 (~104b)
09:57:26.006 65         | net: CL_SOContainer::ReplicaHandler: got PARTIAL(1) replica of live:so:UserProfile:9097886@cabin-lw-nl-20/auth_4 (~136b)
09:57:53.130 15         | net: CL_SOContainer::ReplicaHandler: got PARTIAL(9) replica of live:so:EmoUser:9097886@cabin-lw-nl-20/auth_4 (~647b)
09:57:53.130 15         | net: CL_SOContainer::ReplicaHandler: got PARTIAL(1) replica of live:so:Achievements:9097886@cabin-lw-nl-20/auth_4 (~68b)
09:57:53.529 63         | net: CL_SOContainer::ReplicaHandler: got PARTIAL(2) replica of live:so:Clan:17361@cabin-lw-nl-20/auth_4 (~476b)
09:57:53.554 66         | net: CL_SOContainer::ReplicaHandler: got PARTIAL(6) replica of live:so:UserProfile:9097886@cabin-lw-nl-20/auth_4 (~596b)
10:00:11.097 33         | net: CL_SOContainer::ReplicaHandler: got PARTIAL(2) replica of live:so:RichPresence:9097886@cabin-lw-nl-20/auth_4 (~47b)
10:00:12.329 20         | net: CL_SOContainer::ReplicaHandler: got PARTIAL(3) replica of live:so:SubscriptionList:9097886@cabin-lw-nl-20/auth_4 (~37b)
10:00:13.431 52         | net: CL_SOContainer::ReplicaHandler: got PARTIAL(1) replica of live:so:RichPresence:9097886@cabin-lw-nl-20/auth_4 (~24b)
10:00:26.795 56         | net: CL_SOContainer::ReplicaHandler: got PARTIAL(1) replica of live:so:RichPresence:9097886@cabin-lw-nl-20/auth_4 (~27b)
10:00:31.762 50         | net: CL_SOContainer::ReplicaHandler: got PARTIAL(1) replica of live:so:RichPresence:9097886@cabin-lw-nl-20/auth_4 (~24b)
10:00:33.098 87         | net: CL_SOContainer::ReplicaHandler: got PARTIAL(1) replica of live:so:RichPresence:9097886@cabin-lw-nl-20/auth_4 (~24b)
10:00:55.215 14         | net: CL_SOContainer::ReplicaHandler: got PARTIAL(1) replica of live:so:UserProfile:9097886@cabin-lw-nl-20/auth_4 (~60b)
10:01:15.838 59         | net: CL_SOContainer::ReplicaHandler: got replica of live:so:RichPresence:5540172@cabin-lw-nl-20/auth_4 (~481b)
10:01:31.714 33         | net: CL_SOContainer::ReplicaHandler: got PARTIAL(1) replica of live:so:UserProfile:9097886@cabin-lw-nl-20/auth_4 (~136b)
10:01:43.196 95         | net: CL_SOContainer::ReplicaHandler: got PARTIAL(1) replica of live:so:UserProfile:9097886@cabin-lw-nl-20/auth_4 (~104b)
10:01:46.489 82         | net: CL_SOContainer::ReplicaHandler: got PARTIAL(1) replica of live:so:UserProfile:9097886@cabin-lw-nl-20/auth_4 (~64b)
10:01:48.251 87         | net: CL_SOContainer::ReplicaHandler: got PARTIAL(1) replica of live:so:UserProfile:9097886@cabin-lw-nl-20/auth_4 (~68b)
10:01:49.463 29         | net: CL_SOContainer::ReplicaHandler: got PARTIAL(1) replica of live:so:UserProfile:9097886@cabin-lw-nl-20/auth_4 (~60b)
10:02:19.746 00         | net: CL_SOContainer::ReplicaHandler: got PARTIAL(1) replica of live:so:UserProfile:9097886@cabin-lw-nl-20/auth_4 (~52b)
10:02:39.547 48         | net: CL_SOContainer::ReplicaHandler: got PARTIAL(1) replica of live:so:UserProfile:9097886@cabin-lw-nl-20/auth_4 (~136b)
10:02:50.775 89         | net: CL_SOContainer::ReplicaHandler: got PARTIAL(1) replica of live:so:UserProfile:9097886@cabin-lw-nl-20/auth_4 (~136b)
10:02:58.671 98         | net: CL_SOContainer::ReplicaHandler: got PARTIAL(1) replica of live:so:UserProfile:9097886@cabin-lw-nl-20/auth_4 (~69b)
10:02:59.887 40         | net: CL_SOContainer::ReplicaHandler: got PARTIAL(1) replica of live:so:UserProfile:9097886@cabin-lw-nl-20/auth_4 (~64b)
10:03:00.063 61         | net: CL_SOContainer::ReplicaHandler: got PARTIAL(1) replica of live:so:UserProfile:9097886@cabin-lw-nl-20/auth_4 (~50b)
10:03:00.447 07         | net: CL_SOContainer::ReplicaHandler: got PARTIAL(3) replica of live:so:EmoUser:9097886@cabin-lw-nl-20/auth_4 (~572b)
10:03:02.664 72         | net: CL_SOContainer::ReplicaHandler: got PARTIAL(1) replica of live:so:UserProfile:9097886@cabin-lw-nl-20/auth_4 (~64b)
10:03:02.987 11         | net: CL_SOContainer::ReplicaHandler: got PARTIAL(1) replica of live:so:UserProfile:9097886@cabin-lw-nl-20/auth_4 (~69b)
10:03:03.062 20         | net: CL_SOContainer::ReplicaHandler: got PARTIAL(1) replica of live:so:UserProfile:9097886@cabin-lw-nl-20/auth_4 (~64b)
10:03:04.246 62         | net: CL_SOContainer::ReplicaHandler: got PARTIAL(1) replica of live:so:UserProfile:9097886@cabin-lw-nl-20/auth_4 (~66b)
10:03:21.154 85         | net: CL_SOContainer::ReplicaHandler: got PARTIAL(1) replica of live:so:UserProfile:9097886@cabin-lw-nl-20/auth_4 (~136b)
10:03:27.831 73         | net: CL_SOContainer::ReplicaHandler: got PARTIAL(1) replica of live:so:UserProfile:9097886@cabin-lw-nl-20/auth_4 (~42b)
10:03:27.894 80         | net: CL_SOContainer::ReplicaHandler: got PARTIAL(2) replica of live:so:EmoUser:9097886@cabin-lw-nl-20/auth_4 (~506b)
10:03:34.030 18         | net: CL_SOContainer::ReplicaHandler: got PARTIAL(1) replica of live:so:EmoUser:9097886@cabin-lw-nl-20/auth_4 (~39b)
10:03:35.079 44         | net: TargemService::WebApiRequest(12): https://crank.crossout.net/live/Auth/RefreshToken?token=ntKKAAAAAAChF-kd25nLcUz3m1aSAQAAx78iVQRub25lBGxpdmU
10:03:35.462 90         | net: TargemService::WebApiRequest(12): finished with e = ErrorCode::OK (status 200)
10:03:35.462 90         | net: TargemService::SetAvailableProtoEndpoints: soServices: ["wss://crank.crossout.net/live/AuthProtoServer"], chats: ["wss://crank.crossout.net/live/ChatServiceProtoServer"]
10:03:35.612 08         | net: CL_SOContainer::ReplicaHandler: got PARTIAL(1) replica of live:so:UserProfile:9097886@cabin-lw-nl-20/auth_4 (~64b)
10:03:37.956 88         | net: CL_SOContainer::ReplicaHandler: got PARTIAL(1) replica of live:so:UserProfile:9097886@cabin-lw-nl-20/auth_4 (~64b)
10:03:38.134 10         | net: CL_SOContainer::ReplicaHandler: got PARTIAL(1) replica of live:so:UserProfile:9097886@cabin-lw-nl-20/auth_4 (~104b)
10:03:44.146 29         | net: CL_SOContainer::ReplicaHandler: got PARTIAL(1) replica of live:so:UserProfile:9097886@cabin-lw-nl-20/auth_4 (~191b)
10:03:46.750 37         | net: CL_SOContainer::ReplicaHandler: got PARTIAL(1) replica of live:so:UserProfile:9097886@cabin-lw-nl-20/auth_4 (~104b)
10:03:47.025 68         | net: CL_SOContainer::ReplicaHandler: got PARTIAL(1) replica of live:so:Achievements:9097886@cabin-lw-nl-20/auth_4 (~105b)
10:03:47.037 69         | net: CL_SOContainer::ReplicaHandler: got replica of live:so:EmoUser:9097886@cabin-lw-nl-20/auth_4 (~54Kb)
10:03:47.102 76         | net: CL_SOContainer::ReplicaHandler: got PARTIAL(5) replica of live:so:Clan:17361@cabin-lw-nl-20/auth_4 (~1.04Kb)
10:03:47.321 03         | net: CL_SOContainer::ReplicaHandler: got PARTIAL(6) replica of live:so:UserProfile:9097886@cabin-lw-nl-20/auth_4 (~662b)
10:04:06.888 01         | net: CL_SOContainer::ReplicaHandler: got PARTIAL(2) replica of live:so:RichPresence:9097886@cabin-lw-nl-20/auth_4 (~47b)
10:04:08.011 81         | net: CL_SOContainer::ReplicaHandler: got PARTIAL(3) replica of live:so:SubscriptionList:9097886@cabin-lw-nl-20/auth_4 (~37b)
10:05:43.945 92         | net: CL_SOContainer::ReplicaHandler: got PARTIAL(3) replica of live:so:SubscriptionList:9097886@cabin-lw-nl-20/auth_4 (~37b)
10:05:47.486 17         | net: CL_SOContainer::ReplicaHandler: got PARTIAL(2) replica of live:so:RichPresence:9097886@cabin-lw-nl-20/auth_4 (~47b)
10:06:02.827 58         | net: CL_SOContainer::ReplicaHandler: got PARTIAL(1) replica of live:so:RichPresence:9097886@cabin-lw-nl-20/auth_4 (~27b)
10:06:16.578 06         | net: CL_SOContainer::ReplicaHandler: got PARTIAL(1) replica of live:so:RichPresence:9097886@cabin-lw-nl-20/auth_4 (~24b)
10:06:17.440 45         | net: CL_SOContainer::ReplicaHandler: got PARTIAL(1) replica of live:so:RichPresence:9097886@cabin-lw-nl-20/auth_4 (~24b)
